<?xml version="1.0" encoding="utf-8"?><testsuites name="pytest tests"><testsuite name="pytest" errors="0" failures="3" skipped="0" tests="35" time="5.600" timestamp="2026-06-29T12:50:12.080220+00:00" hostname="agent-env-f91ea9ce-4f4b-4aed-87d3-4af955922294"><testcase classname="backend.tests.backend_test" name="test_health_public" time="0.414" /><testcase classname="backend.tests.backend_test" name="test_login_invalid" time="0.133" /><testcase classname="backend.tests.backend_test" name="test_login_success" time="0.132" /><testcase classname="backend.tests.backend_test" name="test_config" time="0.103" /><testcase classname="backend.tests.backend_test" name="test_iap_unauth" time="0.098" /><testcase classname="backend.tests.backend_test" name="test_protected_without_token" time="0.456" /><testcase classname="backend.tests.backend_test" name="test_protected_with_invalid_token" time="0.132" /><testcase classname="backend.tests.backend_test" name="test_filters" time="0.368" /><testcase classname="backend.tests.backend_test" name="test_overview" time="0.100" /><testcase classname="backend.tests.backend_test" name="test_overview_timeseries" time="0.099" /><testcase classname="backend.tests.backend_test" name="test_latency_timeseries" time="0.110" /><testcase classname="backend.tests.backend_test" name="test_traces_list_and_detail" time="0.206" /><testcase classname="backend.tests.backend_test" name="test_logs" time="0.103" /><testcase classname="backend.tests.backend_test" name="test_logs_severity_filter" time="0.101" /><testcase classname="backend.tests.backend_test" name="test_metrics_catalog" time="0.097" /><testcase classname="backend.tests.backend_test" name="test_metrics_summary" time="0.105" /><testcase classname="backend.tests.backend_test" name="test_metrics_timeseries" time="0.147"><failure message="assert 422 == 200&#10; +  where 422 = &lt;Response [422]&gt;.status_code">backend/tests/backend_test.py:158: in test_metrics_timeseries
    assert r.status_code == 200
E   assert 422 == 200
E    +  where 422 = &lt;Response [422]&gt;.status_code</failure></testcase><testcase classname="backend.tests.backend_test" name="test_metrics_table" time="0.093"><failure message="assert 422 == 200&#10; +  where 422 = &lt;Response [422]&gt;.status_code">backend/tests/backend_test.py:166: in test_metrics_table
    assert r.status_code == 200
E   assert 422 == 200
E    +  where 422 = &lt;Response [422]&gt;.status_code</failure></testcase><testcase classname="backend.tests.backend_test" name="test_cost_grouping[service_name]" time="0.101" /><testcase classname="backend.tests.backend_test" name="test_cost_grouping[model]" time="0.097" /><testcase classname="backend.tests.backend_test" name="test_cost_grouping[project_id]" time="0.097" /><testcase classname="backend.tests.backend_test" name="test_sessions_and_detail" time="0.200" /><testcase classname="backend.tests.backend_test" name="test_tools" time="0.101" /><testcase classname="backend.tests.backend_test" name="test_search" time="0.105" /><testcase classname="backend.tests.backend_test" name="test_top_traces[cost]" time="0.101" /><testcase classname="backend.tests.backend_test" name="test_top_traces[latency]" time="0.096" /><testcase classname="backend.tests.backend_test" name="test_top_traces[tokens]" time="0.098" /><testcase classname="backend.tests.backend_test" name="test_models" time="0.096" /><testcase classname="backend.tests.backend_test" name="test_errors_by_service" time="0.102" /><testcase classname="backend.tests.backend_test" name="test_errors_top" time="0.098" /><testcase classname="backend.tests.backend_test" name="test_health_services_with_token" time="0.103"><failure message="AssertionError: Expected list of services but got: {'status': 'ok'}&#10;assert False&#10; +  where False = isinstance({'status': 'ok'}, list)">backend/tests/backend_test.py:265: in test_health_services_with_token
    assert isinstance(j, list), f"Expected list of services but got: {j}"
E   AssertionError: Expected list of services but got: {'status': 'ok'}
E   assert False
E    +  where False = isinstance({'status': 'ok'}, list)</failure></testcase><testcase classname="backend.tests.backend_test" name="test_meta_last_refresh" time="0.104" /><testcase classname="backend.tests.backend_test" name="test_pricing_crud" time="0.503" /><testcase classname="backend.tests.backend_test" name="test_refresh_pipeline" time="0.113" /><testcase classname="backend.tests.backend_test" name="test_refresh_status" time="0.224" /></testsuite></testsuites>