<?xml version="1.0" encoding="utf-8"?><testsuites name="pytest tests"><testsuite name="pytest" errors="0" failures="0" skipped="0" tests="37" time="5.824" timestamp="2026-06-29T12:56:28.380344+00:00" hostname="agent-env-f91ea9ce-4f4b-4aed-87d3-4af955922294"><testcase classname="backend.tests.backend_test" name="test_health_public" time="0.172" /><testcase classname="backend.tests.backend_test" name="test_login_invalid" time="0.111" /><testcase classname="backend.tests.backend_test" name="test_login_success" time="0.103" /><testcase classname="backend.tests.backend_test" name="test_config" time="0.105" /><testcase classname="backend.tests.backend_test" name="test_iap_unauth" time="0.110" /><testcase classname="backend.tests.backend_test" name="test_protected_without_token" time="0.412" /><testcase classname="backend.tests.backend_test" name="test_protected_with_invalid_token" time="0.107" /><testcase classname="backend.tests.backend_test" name="test_filters" time="0.415" /><testcase classname="backend.tests.backend_test" name="test_overview" time="0.190" /><testcase classname="backend.tests.backend_test" name="test_overview_timeseries" time="0.110" /><testcase classname="backend.tests.backend_test" name="test_latency_timeseries" time="0.109" /><testcase classname="backend.tests.backend_test" name="test_traces_list_and_detail" time="0.213" /><testcase classname="backend.tests.backend_test" name="test_logs" time="0.109" /><testcase classname="backend.tests.backend_test" name="test_logs_severity_filter" time="0.110" /><testcase classname="backend.tests.backend_test" name="test_metrics_catalog" time="0.109" /><testcase classname="backend.tests.backend_test" name="test_metrics_summary" time="0.233" /><testcase classname="backend.tests.backend_test" name="test_metrics_timeseries" time="0.125" /><testcase classname="backend.tests.backend_test" name="test_metrics_table" time="0.128" /><testcase classname="backend.tests.backend_test" name="test_cost_grouping[service_name]" time="0.105" /><testcase classname="backend.tests.backend_test" name="test_cost_grouping[model]" time="0.097" /><testcase classname="backend.tests.backend_test" name="test_cost_grouping[project_id]" time="0.101" /><testcase classname="backend.tests.backend_test" name="test_sessions_and_detail" time="0.222" /><testcase classname="backend.tests.backend_test" name="test_tools" time="0.101" /><testcase classname="backend.tests.backend_test" name="test_search" time="0.100" /><testcase classname="backend.tests.backend_test" name="test_top_traces[cost]" time="0.138" /><testcase classname="backend.tests.backend_test" name="test_top_traces[latency]" time="0.162" /><testcase classname="backend.tests.backend_test" name="test_top_traces[tokens]" time="0.121" /><testcase classname="backend.tests.backend_test" name="test_models" time="0.113" /><testcase classname="backend.tests.backend_test" name="test_errors_by_service" time="0.109" /><testcase classname="backend.tests.backend_test" name="test_errors_top" time="0.095" /><testcase classname="backend.tests.backend_test" name="test_health_services_with_token" time="0.111" /><testcase classname="backend.tests.backend_test" name="test_health_services_requires_auth" time="0.109" /><testcase classname="backend.tests.backend_test" name="test_metrics_endpoints_require_auth" time="0.217" /><testcase classname="backend.tests.backend_test" name="test_meta_last_refresh" time="0.107" /><testcase classname="backend.tests.backend_test" name="test_pricing_crud" time="0.578" /><testcase classname="backend.tests.backend_test" name="test_refresh_pipeline" time="0.098" /><testcase classname="backend.tests.backend_test" name="test_refresh_status" time="0.094" /></testsuite></testsuites>